2022-02-15 10:34:44,193 :INFO : test_Loginuser :200
2022-02-15 10:34:44,193 :INFO : test_Loginuser :Successfully Logged in
2022-02-15 10:36:25,636 :INFO : test_Loginuser :200
2022-02-15 10:36:25,636 :INFO : test_Loginuser :Successfully Logged in
2022-02-15 10:58:22,757 :INFO : test_Loginuser :200
2022-02-15 10:58:22,758 :INFO : test_Loginuser :Successfully Logged in
2022-02-15 10:58:25,008 :INFO : test_GetAllTask :200
2022-02-15 10:58:25,008 :INFO : test_GetAllTask :Successfull!!
2022-02-15 10:59:38,059 :INFO : test_Loginuser :200
2022-02-15 10:59:38,060 :INFO : test_Loginuser :Successfully Logged in
2022-02-15 10:59:40,358 :INFO : test_GetAllTask :200
2022-02-15 10:59:40,358 :INFO : test_GetAllTask :Successfull!!
2022-02-15 11:03:48,062 :INFO : test_Loginuser :200
2022-02-15 11:03:48,063 :INFO : test_Loginuser :Successfully Logged in
2022-02-15 11:03:50,253 :INFO : test_GetAllTask :200
2022-02-15 11:03:50,254 :INFO : test_GetAllTask :Successfull!!
2022-02-15 11:04:31,654 :INFO : test_Loginuser :200
2022-02-15 11:04:31,655 :INFO : test_Loginuser :Successfully Logged in
2022-02-15 11:04:33,942 :INFO : test_GetAllTask :200
2022-02-15 11:04:33,942 :INFO : test_GetAllTask :Successfull!!
2022-02-15 11:08:15,633 :INFO : test_Loginuser :200
2022-02-15 11:08:15,634 :INFO : test_Loginuser :Successfully Logged in
2022-02-15 11:08:17,918 :INFO : test_GetAllTask :200
2022-02-15 11:08:17,918 :INFO : test_GetAllTask :Successfull!!
2022-02-15 11:38:04,955 :INFO : test_LoginuserNegative :400
2022-02-15 11:38:04,955 :INFO : test_LoginuserNegative :Negative scenario working properly!!
2022-02-15 11:45:48,275 :INFO : test_Loginuser :200
2022-02-15 11:45:48,275 :INFO : test_Loginuser :Successfully Logged in
2022-02-15 11:45:50,731 :INFO : test_GetAllTask :[{'completed': False, '_id': '620a604d3238b70017d5fda3', 'description': 'reading book 1', 'owner': '620a323a3238b70017d5fce3', 'createdAt': '2022-02-14T13:59:41.439Z', 'updatedAt': '2022-02-14T13:59:41.439Z', '__v': 0}, {'completed': False, '_id': '620a85a33238b70017d5ff85', 'description': 'eating', 'owner': '620a323a3238b70017d5fce3', 'createdAt': '2022-02-14T16:38:59.291Z', 'updatedAt': '2022-02-14T16:38:59.291Z', '__v': 0}, {'completed': False, '_id': '620a97013238b70017d60003', 'description': 'reading books 1', 'owner': '620a323a3238b70017d5fce3', 'createdAt': '2022-02-14T17:53:05.093Z', 'updatedAt': '2022-02-14T17:53:05.093Z', '__v': 0}, {'completed': False, '_id': '620a97053238b70017d60005', 'description': 'reading books 2', 'owner': '620a323a3238b70017d5fce3', 'createdAt': '2022-02-14T17:53:09.626Z', 'updatedAt': '2022-02-14T17:53:09.626Z', '__v': 0}, {'completed': False, '_id': '620a970a3238b70017d60007', 'description': 'reading books 3', 'owner': '620a323a3238b70017d5fce3', 'createdAt': '2022-02-14T17:53:14.060Z', 'updatedAt': '2022-02-14T17:53:14.060Z', '__v': 0}, {'completed': False, '_id': '620a970e3238b70017d60009', 'description': 'reading books 4', 'owner': '620a323a3238b70017d5fce3', 'createdAt': '2022-02-14T17:53:18.740Z', 'updatedAt': '2022-02-14T17:53:18.740Z', '__v': 0}, {'completed': False, '_id': '620a97133238b70017d6000b', 'description': 'reading books 5', 'owner': '620a323a3238b70017d5fce3', 'createdAt': '2022-02-14T17:53:23.375Z', 'updatedAt': '2022-02-14T17:53:23.375Z', '__v': 0}, {'completed': False, '_id': '620a97183238b70017d6000d', 'description': 'reading books 6', 'owner': '620a323a3238b70017d5fce3', 'createdAt': '2022-02-14T17:53:28.070Z', 'updatedAt': '2022-02-14T17:53:28.070Z', '__v': 0}, {'completed': False, '_id': '620a971c3238b70017d6000f', 'description': 'reading books 7', 'owner': '620a323a3238b70017d5fce3', 'createdAt': '2022-02-14T17:53:32.603Z', 'updatedAt': '2022-02-14T17:53:32.603Z', '__v': 0}, {'completed': False, '_id': '620a97213238b70017d60011', 'description': 'reading books 8', 'owner': '620a323a3238b70017d5fce3', 'createdAt': '2022-02-14T17:53:37.147Z', 'updatedAt': '2022-02-14T17:53:37.147Z', '__v': 0}, {'completed': False, '_id': '620a97253238b70017d60013', 'description': 'reading books 9', 'owner': '620a323a3238b70017d5fce3', 'createdAt': '2022-02-14T17:53:41.952Z', 'updatedAt': '2022-02-14T17:53:41.952Z', '__v': 0}, {'completed': False, '_id': '620a972a3238b70017d60015', 'description': 'reading books 10', 'owner': '620a323a3238b70017d5fce3', 'createdAt': '2022-02-14T17:53:46.578Z', 'updatedAt': '2022-02-14T17:53:46.578Z', '__v': 0}, {'completed': False, '_id': '620a972f3238b70017d60017', 'description': 'reading books 11', 'owner': '620a323a3238b70017d5fce3', 'createdAt': '2022-02-14T17:53:51.022Z', 'updatedAt': '2022-02-14T17:53:51.022Z', '__v': 0}, {'completed': False, '_id': '620a97333238b70017d60019', 'description': 'reading books 12', 'owner': '620a323a3238b70017d5fce3', 'createdAt': '2022-02-14T17:53:55.543Z', 'updatedAt': '2022-02-14T17:53:55.543Z', '__v': 0}, {'completed': False, '_id': '620a97383238b70017d6001b', 'description': 'reading books 13', 'owner': '620a323a3238b70017d5fce3', 'createdAt': '2022-02-14T17:54:00.014Z', 'updatedAt': '2022-02-14T17:54:00.014Z', '__v': 0}, {'completed': False, '_id': '620a973c3238b70017d6001d', 'description': 'reading books 14', 'owner': '620a323a3238b70017d5fce3', 'createdAt': '2022-02-14T17:54:04.642Z', 'updatedAt': '2022-02-14T17:54:04.642Z', '__v': 0}, {'completed': False, '_id': '620a97413238b70017d6001f', 'description': 'reading books 15', 'owner': '620a323a3238b70017d5fce3', 'createdAt': '2022-02-14T17:54:09.163Z', 'updatedAt': '2022-02-14T17:54:09.163Z', '__v': 0}, {'completed': False, '_id': '620a97453238b70017d60021', 'description': 'reading books 16', 'owner': '620a323a3238b70017d5fce3', 'createdAt': '2022-02-14T17:54:13.607Z', 'updatedAt': '2022-02-14T17:54:13.607Z', '__v': 0}, {'completed': False, '_id': '620a974a3238b70017d60023', 'description': 'reading books 17', 'owner': '620a323a3238b70017d5fce3', 'createdAt': '2022-02-14T17:54:18.262Z', 'updatedAt': '2022-02-14T17:54:18.262Z', '__v': 0}, {'completed': False, '_id': '620a974e3238b70017d60025', 'description': 'reading books 18', 'owner': '620a323a3238b70017d5fce3', 'createdAt': '2022-02-14T17:54:22.916Z', 'updatedAt': '2022-02-14T17:54:22.916Z', '__v': 0}, {'completed': False, '_id': '620a97533238b70017d60027', 'description': 'reading books 19', 'owner': '620a323a3238b70017d5fce3', 'createdAt': '2022-02-14T17:54:27.622Z', 'updatedAt': '2022-02-14T17:54:27.622Z', '__v': 0}, {'completed': False, '_id': '620a97583238b70017d60029', 'description': 'reading books 20', 'owner': '620a323a3238b70017d5fce3', 'createdAt': '2022-02-14T17:54:32.199Z', 'updatedAt': '2022-02-14T17:54:32.199Z', '__v': 0}, {'completed': True, '_id': '620a5b123238b70017d5fd88', 'description': 'reading book 2', 'owner': '620a323a3238b70017d5fce3', 'createdAt': '2022-02-14T13:37:22.199Z', 'updatedAt': '2022-02-14T14:02:24.812Z', '__v': 0}]
2022-02-15 11:49:39,468 :INFO : test_Loginuser :200
2022-02-15 11:49:39,468 :INFO : test_Loginuser :Successfully Logged in
2022-02-15 11:49:41,759 :INFO : test_GetAllTask :[{'completed': False, '_id': '620a604d3238b70017d5fda3', 'description': 'reading book 1', 'owner': '620a323a3238b70017d5fce3', 'createdAt': '2022-02-14T13:59:41.439Z', 'updatedAt': '2022-02-14T13:59:41.439Z', '__v': 0}, {'completed': False, '_id': '620a85a33238b70017d5ff85', 'description': 'eating', 'owner': '620a323a3238b70017d5fce3', 'createdAt': '2022-02-14T16:38:59.291Z', 'updatedAt': '2022-02-14T16:38:59.291Z', '__v': 0}, {'completed': False, '_id': '620a97013238b70017d60003', 'description': 'reading books 1', 'owner': '620a323a3238b70017d5fce3', 'createdAt': '2022-02-14T17:53:05.093Z', 'updatedAt': '2022-02-14T17:53:05.093Z', '__v': 0}, {'completed': False, '_id': '620a97053238b70017d60005', 'description': 'reading books 2', 'owner': '620a323a3238b70017d5fce3', 'createdAt': '2022-02-14T17:53:09.626Z', 'updatedAt': '2022-02-14T17:53:09.626Z', '__v': 0}, {'completed': False, '_id': '620a970a3238b70017d60007', 'description': 'reading books 3', 'owner': '620a323a3238b70017d5fce3', 'createdAt': '2022-02-14T17:53:14.060Z', 'updatedAt': '2022-02-14T17:53:14.060Z', '__v': 0}, {'completed': False, '_id': '620a970e3238b70017d60009', 'description': 'reading books 4', 'owner': '620a323a3238b70017d5fce3', 'createdAt': '2022-02-14T17:53:18.740Z', 'updatedAt': '2022-02-14T17:53:18.740Z', '__v': 0}, {'completed': False, '_id': '620a97133238b70017d6000b', 'description': 'reading books 5', 'owner': '620a323a3238b70017d5fce3', 'createdAt': '2022-02-14T17:53:23.375Z', 'updatedAt': '2022-02-14T17:53:23.375Z', '__v': 0}, {'completed': False, '_id': '620a97183238b70017d6000d', 'description': 'reading books 6', 'owner': '620a323a3238b70017d5fce3', 'createdAt': '2022-02-14T17:53:28.070Z', 'updatedAt': '2022-02-14T17:53:28.070Z', '__v': 0}, {'completed': False, '_id': '620a971c3238b70017d6000f', 'description': 'reading books 7', 'owner': '620a323a3238b70017d5fce3', 'createdAt': '2022-02-14T17:53:32.603Z', 'updatedAt': '2022-02-14T17:53:32.603Z', '__v': 0}, {'completed': False, '_id': '620a97213238b70017d60011', 'description': 'reading books 8', 'owner': '620a323a3238b70017d5fce3', 'createdAt': '2022-02-14T17:53:37.147Z', 'updatedAt': '2022-02-14T17:53:37.147Z', '__v': 0}, {'completed': False, '_id': '620a97253238b70017d60013', 'description': 'reading books 9', 'owner': '620a323a3238b70017d5fce3', 'createdAt': '2022-02-14T17:53:41.952Z', 'updatedAt': '2022-02-14T17:53:41.952Z', '__v': 0}, {'completed': False, '_id': '620a972a3238b70017d60015', 'description': 'reading books 10', 'owner': '620a323a3238b70017d5fce3', 'createdAt': '2022-02-14T17:53:46.578Z', 'updatedAt': '2022-02-14T17:53:46.578Z', '__v': 0}, {'completed': False, '_id': '620a972f3238b70017d60017', 'description': 'reading books 11', 'owner': '620a323a3238b70017d5fce3', 'createdAt': '2022-02-14T17:53:51.022Z', 'updatedAt': '2022-02-14T17:53:51.022Z', '__v': 0}, {'completed': False, '_id': '620a97333238b70017d60019', 'description': 'reading books 12', 'owner': '620a323a3238b70017d5fce3', 'createdAt': '2022-02-14T17:53:55.543Z', 'updatedAt': '2022-02-14T17:53:55.543Z', '__v': 0}, {'completed': False, '_id': '620a97383238b70017d6001b', 'description': 'reading books 13', 'owner': '620a323a3238b70017d5fce3', 'createdAt': '2022-02-14T17:54:00.014Z', 'updatedAt': '2022-02-14T17:54:00.014Z', '__v': 0}, {'completed': False, '_id': '620a973c3238b70017d6001d', 'description': 'reading books 14', 'owner': '620a323a3238b70017d5fce3', 'createdAt': '2022-02-14T17:54:04.642Z', 'updatedAt': '2022-02-14T17:54:04.642Z', '__v': 0}, {'completed': False, '_id': '620a97413238b70017d6001f', 'description': 'reading books 15', 'owner': '620a323a3238b70017d5fce3', 'createdAt': '2022-02-14T17:54:09.163Z', 'updatedAt': '2022-02-14T17:54:09.163Z', '__v': 0}, {'completed': False, '_id': '620a97453238b70017d60021', 'description': 'reading books 16', 'owner': '620a323a3238b70017d5fce3', 'createdAt': '2022-02-14T17:54:13.607Z', 'updatedAt': '2022-02-14T17:54:13.607Z', '__v': 0}, {'completed': False, '_id': '620a974a3238b70017d60023', 'description': 'reading books 17', 'owner': '620a323a3238b70017d5fce3', 'createdAt': '2022-02-14T17:54:18.262Z', 'updatedAt': '2022-02-14T17:54:18.262Z', '__v': 0}, {'completed': False, '_id': '620a974e3238b70017d60025', 'description': 'reading books 18', 'owner': '620a323a3238b70017d5fce3', 'createdAt': '2022-02-14T17:54:22.916Z', 'updatedAt': '2022-02-14T17:54:22.916Z', '__v': 0}, {'completed': False, '_id': '620a97533238b70017d60027', 'description': 'reading books 19', 'owner': '620a323a3238b70017d5fce3', 'createdAt': '2022-02-14T17:54:27.622Z', 'updatedAt': '2022-02-14T17:54:27.622Z', '__v': 0}, {'completed': False, '_id': '620a97583238b70017d60029', 'description': 'reading books 20', 'owner': '620a323a3238b70017d5fce3', 'createdAt': '2022-02-14T17:54:32.199Z', 'updatedAt': '2022-02-14T17:54:32.199Z', '__v': 0}, {'completed': True, '_id': '620a5b123238b70017d5fd88', 'description': 'reading book 2', 'owner': '620a323a3238b70017d5fce3', 'createdAt': '2022-02-14T13:37:22.199Z', 'updatedAt': '2022-02-14T14:02:24.812Z', '__v': 0}]
2022-02-15 12:14:55,364 :INFO : test_Loginuser :200
2022-02-15 12:14:55,366 :INFO : test_Loginuser :Successfully Logged in
2022-02-15 12:15:41,384 :INFO : test_Loginuser :200
2022-02-15 12:15:41,384 :INFO : test_Loginuser :Successfully Logged in
2022-02-15 12:15:43,605 :INFO : test_GetAllTask :200
2022-02-15 12:15:43,605 :INFO : test_GetAllTask :Successfull!!
2022-02-15 12:21:55,504 :INFO : test_Loginuser :200
2022-02-15 12:21:55,505 :INFO : test_Loginuser :Successfully Logged in
2022-02-15 12:21:57,968 :INFO : test_GetAllTask :200
2022-02-15 12:21:57,968 :INFO : test_GetAllTask :Successfull!!
2022-02-15 12:24:24,464 :INFO : test_LoginuserNegative :400
2022-02-15 12:24:24,465 :INFO : test_LoginuserNegative :Negative scenario working properly!!
2022-02-15 12:24:45,596 :INFO : test_Loginuser :200
2022-02-15 12:24:45,596 :INFO : test_Loginuser :Successfully Logged in
2022-02-15 12:24:47,893 :INFO : test_GetAllTask :200
2022-02-15 12:24:47,893 :INFO : test_GetAllTask :Successfull!!
2022-02-15 12:28:00,696 :INFO : test_Loginuser :200
2022-02-15 12:28:00,696 :INFO : test_Loginuser :Successfully Logged in
2022-02-15 12:33:54,787 :INFO : test_Loginuser :200
2022-02-15 12:33:54,787 :INFO : test_Loginuser :Successfully Logged in
2022-02-15 12:33:57,095 :INFO : test_GetTaskByPagination :200
2022-02-15 12:33:57,096 :INFO : test_GetTaskByPagination :Successfull!!
2022-02-15 12:34:34,909 :INFO : test_Loginuser :200
2022-02-15 12:34:34,910 :INFO : test_Loginuser :Successfully Logged in
2022-02-15 12:34:37,355 :INFO : test_GetTaskByPagination :200
2022-02-15 12:34:37,356 :INFO : test_GetTaskByPagination :Successfull!!
2022-02-15 12:35:36,688 :INFO : test_Loginuser :200
2022-02-15 12:35:36,688 :INFO : test_Loginuser :Successfully Logged in
2022-02-15 12:35:39,016 :INFO : test_GetTaskByPagination :200
2022-02-15 12:35:39,017 :INFO : test_GetTaskByPagination :Successfull!!
2022-02-15 12:37:12,799 :INFO : test_Loginuser :200
2022-02-15 12:37:12,801 :INFO : test_Loginuser :Successfully Logged in
2022-02-15 12:37:15,174 :INFO : test_GetTaskByPagination :200
2022-02-15 12:37:55,375 :INFO : test_Loginuser :200
2022-02-15 12:37:55,375 :INFO : test_Loginuser :Successfully Logged in
2022-02-15 12:37:57,774 :INFO : test_GetTaskByPagination :200
2022-02-15 12:38:37,042 :INFO : test_Loginuser :200
2022-02-15 12:38:37,043 :INFO : test_Loginuser :Successfully Logged in
2022-02-15 12:38:39,453 :INFO : test_GetTaskByPagination :200
2022-02-15 12:39:11,470 :INFO : test_Loginuser :200
2022-02-15 12:39:11,470 :INFO : test_Loginuser :Successfully Logged in
2022-02-15 12:39:13,630 :INFO : test_GetTaskByPagination :200
2022-02-15 12:39:35,216 :INFO : test_Loginuser :200
2022-02-15 12:39:35,216 :INFO : test_Loginuser :Successfully Logged in
2022-02-15 12:39:37,586 :INFO : test_GetTaskByPagination :200
2022-02-15 12:40:17,138 :INFO : test_Loginuser :200
2022-02-15 12:40:17,138 :INFO : test_Loginuser :Successfully Logged in
2022-02-15 12:40:19,426 :INFO : test_GetTaskByPagination :200
2022-02-15 12:43:33,197 :INFO : test_Loginuser :200
2022-02-15 12:43:33,198 :INFO : test_Loginuser :Successfully Logged in
2022-02-15 12:43:35,537 :INFO : test_GetTaskByPagination :200
2022-02-15 12:44:43,440 :INFO : test_Loginuser :200
2022-02-15 12:44:43,440 :INFO : test_Loginuser :Successfully Logged in
2022-02-15 12:44:45,587 :INFO : test_GetTaskByPagination :200
2022-02-15 12:44:45,587 :INFO : test_GetTaskByPagination :Number of count is same as of limit provided
2022-02-15 12:44:45,587 :INFO : test_GetTaskByPagination :Successfull!!
2022-02-15 12:47:20,804 :INFO : test_Loginuser :200
2022-02-15 12:47:20,804 :INFO : test_Loginuser :Successfully Logged in
2022-02-15 12:47:23,125 :INFO : test_GetTaskByPagination :200
2022-02-15 12:47:23,125 :INFO : test_GetTaskByPagination :Number of count is same as of limit provided
2022-02-15 12:47:23,126 :INFO : test_GetTaskByPagination :Successfull!!
